{"/data/store/a/projects/bender/usr/share/docpad-git/src/lib/plugin-loader.coffee":{"path":"/data/store/a/projects/bender/usr/share/docpad-git/src/lib/plugin-loader.coffee","s":{"1":1,"2":1,"3":1,"4":1,"5":1,"6":1,"7":1,"8":1,"9":1,"10":1,"11":1,"12":1,"13":1,"14":1,"15":1,"16":1,"17":1,"18":0,"19":0,"20":0,"21":0,"22":0,"23":0,"24":0,"25":0,"26":0,"27":0,"28":1,"29":0,"30":0,"31":0,"32":0,"33":0,"34":0,"35":0,"36":0,"37":0,"38":0,"39":0,"40":0,"41":0,"42":0,"43":0,"44":0,"45":0,"46":0,"47":0,"48":0,"49":0,"50":0,"51":0,"52":0,"53":0,"54":0,"55":0,"56":0,"57":0,"58":0,"59":1,"60":0,"61":0,"62":0,"63":0,"64":0,"65":0,"66":0,"67":0,"68":0,"69":0,"70":0,"71":0,"72":0,"73":0,"74":0,"75":0,"76":0,"77":0,"78":0,"79":0,"80":0,"81":1,"82":0,"83":0,"84":0,"85":0,"86":0,"87":0,"88":0,"89":1,"90":0,"91":0,"92":0,"93":0,"94":0,"95":0,"96":0,"97":0,"98":0,"99":0,"100":0,"101":0,"102":0,"103":0,"104":0,"105":0,"106":0,"107":0,"108":0,"109":0,"110":0,"111":1,"112":0,"113":0,"114":0,"115":0,"116":0,"117":0,"118":0,"119":0,"120":0,"121":0,"122":0,"123":1,"124":1,"125":1,"126":0,"127":0,"128":0,"129":0},"b":{"1":[0,0],"2":[0,0],"3":[0,0],"4":[0,0],"5":[0,0],"6":[0,0],"7":[0,0],"8":[0,0],"9":[0,0],"10":[0,0],"11":[0,0],"12":[0,0],"13":[0,0],"14":[0,0],"15":[0,0],"16":[0,0],"17":[0,0],"18":[0,0],"19":[0,0],"20":[0,0],"21":[0,0]},"f":{"1":1,"2":0,"3":0,"4":0,"5":0,"6":0,"7":0,"8":0,"9":0,"10":0,"11":0,"12":0,"13":0},"fnMap":{"1":{"name":"(anonymous_1)","line":0,"loc":{"start":{"line":0,"column":0},"end":{"line":14,"column":1}}},"2":{"name":"PluginLoader","line":52,"loc":{"start":{"line":52,"column":1},"end":{"line":54,"column":2}}},"3":{"name":"(anonymous_3)","line":65,"loc":{"start":{"line":65,"column":9},"end":{"line":0,"column":0}}},"4":{"name":"(anonymous_4)","line":0,"loc":{"start":{"line":0,"column":0},"end":{"line":0,"column":0}}},"5":{"name":"(anonymous_5)","line":0,"loc":{"start":{"line":0,"column":0},"end":{"line":0,"column":0}}},"6":{"name":"(anonymous_6)","line":0,"loc":{"start":{"line":0,"column":0},"end":{"line":0,"column":0}}},"7":{"name":"(anonymous_7)","line":0,"loc":{"start":{"line":0,"column":0},"end":{"line":0,"column":0}}},"8":{"name":"(anonymous_8)","line":107,"loc":{"start":{"line":107,"column":14},"end":{"line":0,"column":0}}},"9":{"name":"(anonymous_9)","line":147,"loc":{"start":{"line":147,"column":10},"end":{"line":0,"column":0}}},"10":{"name":"(anonymous_10)","line":156,"loc":{"start":{"line":156,"column":10},"end":{"line":158,"column":5}}},"11":{"name":"(anonymous_11)","line":170,"loc":{"start":{"line":170,"column":7},"end":{"line":0,"column":0}}},"12":{"name":"(anonymous_12)","line":205,"loc":{"start":{"line":205,"column":9},"end":{"line":0,"column":0}}},"13":{"name":"in$","line":0,"loc":{"start":{"line":0,"column":0},"end":{"line":0,"column":0}}}},"statementMap":{"1":{"start":{"line":4,"column":0},"end":{"line":5,"column":4}},"2":{"start":{"line":2,"column":0},"end":{"line":2,"column":26}},"3":{"start":{"line":3,"column":0},"end":{"line":3,"column":26}},"4":{"start":{"line":4,"column":0},"end":{"line":4,"column":29}},"5":{"start":{"line":5,"column":0},"end":{"line":5,"column":22}},"6":{"start":{"line":8,"column":0},"end":{"line":226,"column":0}},"7":{"start":{"line":14,"column":1},"end":{"line":14,"column":13}},"8":{"start":{"line":17,"column":1},"end":{"line":17,"column":17}},"9":{"start":{"line":20,"column":1},"end":{"line":20,"column":14}},"10":{"start":{"line":27,"column":1},"end":{"line":27,"column":18}},"11":{"start":{"line":30,"column":1},"end":{"line":30,"column":16}},"12":{"start":{"line":33,"column":1},"end":{"line":33,"column":17}},"13":{"start":{"line":36,"column":1},"end":{"line":36,"column":16}},"14":{"start":{"line":39,"column":1},"end":{"line":39,"column":17}},"15":{"start":{"line":42,"column":1},"end":{"line":42,"column":20}},"16":{"start":{"line":45,"column":1},"end":{"line":45,"column":22}},"17":{"start":{"line":52,"column":1},"end":{"line":65,"column":1}},"18":{"start":{"line":0,"column":0},"end":{"line":0,"column":0}},"19":{"start":{"line":0,"column":0},"end":{"line":0,"column":0}},"20":{"start":{"line":0,"column":0},"end":{"line":0,"column":0}},"21":{"start":{"line":0,"column":0},"end":{"line":0,"column":0}},"22":{"start":{"line":0,"column":0},"end":{"line":0,"column":0}},"23":{"start":{"line":54,"column":2},"end":{"line":54,"column":18}},"24":{"start":{"line":57,"column":2},"end":{"line":57,"column":73}},"25":{"start":{"line":58,"column":2},"end":{"line":58,"column":19}},"26":{"start":{"line":59,"column":2},"end":{"line":59,"column":19}},"27":{"start":{"line":60,"column":2},"end":{"line":60,"column":63}},"28":{"start":{"line":65,"column":1},"end":{"line":107,"column":1}},"29":{"start":{"line":0,"column":0},"end":{"line":0,"column":0}},"30":{"start":{"line":67,"column":2},"end":{"line":67,"column":74}},"31":{"start":{"line":68,"column":2},"end":{"line":68,"column":88}},"32":{"start":{"line":71,"column":2},"end":{"line":102,"column":2}},"33":{"start":{"line":0,"column":0},"end":{"line":0,"column":0}},"34":{"start":{"line":0,"column":0},"end":{"line":0,"column":0}},"35":{"start":{"line":73,"column":4},"end":{"line":79,"column":3}},"36":{"start":{"line":0,"column":0},"end":{"line":0,"column":0}},"37":{"start":{"line":75,"column":6},"end":{"line":76,"column":0}},"38":{"start":{"line":77,"column":6},"end":{"line":77,"column":30}},"39":{"start":{"line":78,"column":6},"end":{"line":78,"column":28}},"40":{"start":{"line":80,"column":4},"end":{"line":80,"column":30}},"41":{"start":{"line":81,"column":4},"end":{"line":102,"column":2}},"42":{"start":{"line":0,"column":0},"end":{"line":0,"column":0}},"43":{"start":{"line":0,"column":0},"end":{"line":0,"column":0}},"44":{"start":{"line":83,"column":6},"end":{"line":84,"column":0}},"45":{"start":{"line":85,"column":6},"end":{"line":89,"column":6}},"46":{"start":{"line":86,"column":7},"end":{"line":87,"column":0}},"47":{"start":{"line":0,"column":0},"end":{"line":0,"column":0}},"48":{"start":{"line":88,"column":7},"end":{"line":89,"column":0}},"49":{"start":{"line":89,"column":6},"end":{"line":89,"column":50}},"50":{"start":{"line":89,"column":6},"end":{"line":89,"column":29}},"51":{"start":{"line":92,"column":6},"end":{"line":92,"column":92}},"52":{"start":{"line":93,"column":6},"end":{"line":93,"column":43}},"53":{"start":{"line":94,"column":6},"end":{"line":102,"column":2}},"54":{"start":{"line":0,"column":0},"end":{"line":0,"column":0}},"55":{"start":{"line":96,"column":8},"end":{"line":97,"column":0}},"56":{"start":{"line":98,"column":8},"end":{"line":98,"column":32}},"57":{"start":{"line":99,"column":8},"end":{"line":99,"column":30}},"58":{"start":{"line":102,"column":2},"end":{"line":102,"column":3}},"59":{"start":{"line":107,"column":1},"end":{"line":147,"column":1}},"60":{"start":{"line":0,"column":0},"end":{"line":0,"column":0}},"61":{"start":{"line":109,"column":2},"end":{"line":109,"column":18}},"62":{"start":{"line":110,"column":2},"end":{"line":110,"column":21}},"63":{"start":{"line":113,"column":2},"end":{"line":119,"column":2}},"64":{"start":{"line":114,"column":3},"end":{"line":114,"column":41}},"65":{"start":{"line":115,"column":3},"end":{"line":119,"column":2}},"66":{"start":{"line":116,"column":4},"end":{"line":119,"column":0}},"67":{"start":{"line":119,"column":2},"end":{"line":125,"column":2}},"68":{"start":{"line":120,"column":3},"end":{"line":120,"column":43}},"69":{"start":{"line":121,"column":3},"end":{"line":125,"column":2}},"70":{"start":{"line":122,"column":4},"end":{"line":125,"column":0}},"71":{"start":{"line":125,"column":2},"end":{"line":139,"column":2}},"72":{"start":{"line":126,"column":3},"end":{"line":126,"column":39}},"73":{"start":{"line":129,"column":3},"end":{"line":134,"column":3}},"74":{"start":{"line":130,"column":4},"end":{"line":134,"column":3}},"75":{"start":{"line":131,"column":5},"end":{"line":134,"column":0}},"76":{"start":{"line":134,"column":3},"end":{"line":139,"column":2}},"77":{"start":{"line":135,"column":4},"end":{"line":139,"column":2}},"78":{"start":{"line":136,"column":5},"end":{"line":139,"column":0}},"79":{"start":{"line":139,"column":6},"end":{"line":139,"column":28}},"80":{"start":{"line":142,"column":2},"end":{"line":142,"column":3}},"81":{"start":{"line":147,"column":1},"end":{"line":170,"column":1}},"82":{"start":{"line":0,"column":0},"end":{"line":0,"column":0}},"83":{"start":{"line":149,"column":2},"end":{"line":149,"column":18}},"84":{"start":{"line":152,"column":2},"end":{"line":165,"column":2}},"85":{"start":{"line":154,"column":3},"end":{"line":160,"column":0}},"86":{"start":{"line":158,"column":5},"end":{"line":159,"column":0}},"87":{"start":{"line":162,"column":3},"end":{"line":165,"column":0}},"88":{"start":{"line":165,"column":2},"end":{"line":165,"column":3}},"89":{"start":{"line":170,"column":1},"end":{"line":205,"column":1}},"90":{"start":{"line":0,"column":0},"end":{"line":0,"column":0}},"91":{"start":{"line":172,"column":2},"end":{"line":172,"column":18}},"92":{"start":{"line":173,"column":2},"end":{"line":173,"column":29}},"93":{"start":{"line":176,"column":2},"end":{"line":198,"column":2}},"94":{"start":{"line":178,"column":3},"end":{"line":178,"column":51}},"95":{"start":{"line":0,"column":0},"end":{"line":0,"column":0}},"96":{"start":{"line":179,"column":15},"end":{"line":179,"column":36}},"97":{"start":{"line":0,"column":0},"end":{"line":0,"column":0}},"98":{"start":{"line":180,"column":3},"end":{"line":180,"column":43}},"99":{"start":{"line":184,"column":3},"end":{"line":188,"column":3}},"100":{"start":{"line":185,"column":4},"end":{"line":185,"column":57}},"101":{"start":{"line":186,"column":14},"end":{"line":186,"column":113}},"102":{"start":{"line":188,"column":3},"end":{"line":193,"column":2}},"103":{"start":{"line":189,"column":4},"end":{"line":189,"column":36}},"104":{"start":{"line":190,"column":14},"end":{"line":190,"column":96}},"105":{"start":{"line":191,"column":8},"end":{"line":193,"column":2}},"106":{"start":{"line":192,"column":4},"end":{"line":193,"column":0}},"107":{"start":{"line":0,"column":0},"end":{"line":0,"column":0}},"108":{"start":{"line":195,"column":3},"end":{"line":198,"column":0}},"109":{"start":{"line":198,"column":6},"end":{"line":198,"column":29}},"110":{"start":{"line":201,"column":2},"end":{"line":201,"column":3}},"111":{"start":{"line":205,"column":1},"end":{"line":226,"column":0}},"112":{"start":{"line":0,"column":0},"end":{"line":0,"column":0}},"113":{"start":{"line":0,"column":0},"end":{"line":0,"column":0}},"114":{"start":{"line":0,"column":0},"end":{"line":0,"column":0}},"115":{"start":{"line":207,"column":2},"end":{"line":219,"column":2}},"116":{"start":{"line":209,"column":3},"end":{"line":209,"column":102}},"117":{"start":{"line":212,"column":3},"end":{"line":212,"column":19}},"118":{"start":{"line":213,"column":3},"end":{"line":213,"column":53}},"119":{"start":{"line":0,"column":0},"end":{"line":0,"column":0}},"120":{"start":{"line":216,"column":3},"end":{"line":219,"column":0}},"121":{"start":{"line":219,"column":2},"end":{"line":219,"column":34}},"122":{"start":{"line":222,"column":2},"end":{"line":222,"column":3}},"123":{"start":{"line":0,"column":0},"end":{"line":0,"column":0}},"124":{"start":{"line":226,"column":0},"end":{"line":226,"column":29}},"125":{"start":{"line":0,"column":0},"end":{"line":0,"column":0}},"126":{"start":{"line":0,"column":0},"end":{"line":0,"column":0}},"127":{"start":{"line":0,"column":0},"end":{"line":0,"column":0}},"128":{"start":{"line":0,"column":0},"end":{"line":0,"column":0}},"129":{"start":{"line":0,"column":0},"end":{"line":0,"column":0}}},"branchMap":{"1":{"line":0,"type":"if","locations":[{"start":{"line":0,"column":0},"end":{"line":0,"column":0}},{"start":{"line":0,"column":0},"end":{"line":0,"column":0}}]},"2":{"line":0,"type":"if","locations":[{"start":{"line":0,"column":0},"end":{"line":0,"column":0}},{"start":{"line":0,"column":0},"end":{"line":0,"column":0}}]},"3":{"line":0,"type":"if","locations":[{"start":{"line":0,"column":0},"end":{"line":0,"column":0}},{"start":{"line":0,"column":0},"end":{"line":0,"column":0}}]},"4":{"line":89,"type":"if","locations":[{"start":{"line":89,"column":6},"end":{"line":89,"column":6}},{"start":{"line":89,"column":6},"end":{"line":89,"column":6}}]},"5":{"line":0,"type":"if","locations":[{"start":{"line":0,"column":0},"end":{"line":0,"column":0}},{"start":{"line":0,"column":0},"end":{"line":0,"column":0}}]},"6":{"line":113,"type":"if","locations":[{"start":{"line":113,"column":2},"end":{"line":113,"column":2}},{"start":{"line":113,"column":2},"end":{"line":113,"column":2}}]},"7":{"line":115,"type":"if","locations":[{"start":{"line":115,"column":3},"end":{"line":115,"column":3}},{"start":{"line":115,"column":3},"end":{"line":115,"column":3}}]},"8":{"line":119,"type":"if","locations":[{"start":{"line":119,"column":2},"end":{"line":119,"column":2}},{"start":{"line":119,"column":2},"end":{"line":119,"column":2}}]},"9":{"line":121,"type":"if","locations":[{"start":{"line":121,"column":3},"end":{"line":121,"column":3}},{"start":{"line":121,"column":3},"end":{"line":121,"column":3}}]},"10":{"line":125,"type":"if","locations":[{"start":{"line":125,"column":2},"end":{"line":125,"column":2}},{"start":{"line":125,"column":2},"end":{"line":125,"column":2}}]},"11":{"line":129,"type":"if","locations":[{"start":{"line":129,"column":3},"end":{"line":129,"column":3}},{"start":{"line":129,"column":3},"end":{"line":129,"column":3}}]},"12":{"line":130,"type":"if","locations":[{"start":{"line":130,"column":4},"end":{"line":130,"column":4}},{"start":{"line":130,"column":4},"end":{"line":130,"column":4}}]},"13":{"line":134,"type":"if","locations":[{"start":{"line":134,"column":3},"end":{"line":134,"column":3}},{"start":{"line":134,"column":3},"end":{"line":134,"column":3}}]},"14":{"line":135,"type":"if","locations":[{"start":{"line":135,"column":4},"end":{"line":135,"column":4}},{"start":{"line":135,"column":4},"end":{"line":135,"column":4}}]},"15":{"line":152,"type":"if","locations":[{"start":{"line":152,"column":2},"end":{"line":152,"column":2}},{"start":{"line":152,"column":2},"end":{"line":152,"column":2}}]},"16":{"line":0,"type":"if","locations":[{"start":{"line":0,"column":0},"end":{"line":0,"column":0}},{"start":{"line":0,"column":0},"end":{"line":0,"column":0}}]},"17":{"line":184,"type":"if","locations":[{"start":{"line":184,"column":3},"end":{"line":184,"column":3}},{"start":{"line":184,"column":3},"end":{"line":184,"column":3}}]},"18":{"line":188,"type":"if","locations":[{"start":{"line":188,"column":3},"end":{"line":188,"column":3}},{"start":{"line":188,"column":3},"end":{"line":188,"column":3}}]},"19":{"line":191,"type":"if","locations":[{"start":{"line":191,"column":8},"end":{"line":191,"column":8}},{"start":{"line":191,"column":8},"end":{"line":191,"column":8}}]},"20":{"line":0,"type":"if","locations":[{"start":{"line":0,"column":0},"end":{"line":0,"column":0}},{"start":{"line":0,"column":0},"end":{"line":0,"column":0}}]},"21":{"line":0,"type":"if","locations":[{"start":{"line":0,"column":0},"end":{"line":0,"column":0}},{"start":{"line":0,"column":0},"end":{"line":0,"column":0}}]}}}}