TN:
SF:/data/store/a/projects/bender/usr/share/docpad-git/src/lib/plugin-loader.coffee
FN:0,(anonymous_1)
FN:52,PluginLoader
FN:65,(anonymous_3)
FN:0,(anonymous_4)
FN:0,(anonymous_5)
FN:0,(anonymous_6)
FN:0,(anonymous_7)
FN:107,(anonymous_8)
FN:147,(anonymous_9)
FN:156,(anonymous_10)
FN:170,(anonymous_11)
FN:205,(anonymous_12)
FN:0,in$
FNF:13
FNH:1
FNDA:1,(anonymous_1)
FNDA:0,PluginLoader
FNDA:0,(anonymous_3)
FNDA:0,(anonymous_4)
FNDA:0,(anonymous_5)
FNDA:0,(anonymous_6)
FNDA:0,(anonymous_7)
FNDA:0,(anonymous_8)
FNDA:0,(anonymous_9)
FNDA:0,(anonymous_10)
FNDA:0,(anonymous_11)
FNDA:0,(anonymous_12)
FNDA:0,in$
DA:0,1
DA:2,1
DA:3,1
DA:4,1
DA:5,1
DA:8,1
DA:14,1
DA:17,1
DA:20,1
DA:27,1
DA:30,1
DA:33,1
DA:36,1
DA:39,1
DA:42,1
DA:45,1
DA:52,1
DA:54,0
DA:57,0
DA:58,0
DA:59,0
DA:60,0
DA:65,1
DA:67,0
DA:68,0
DA:71,0
DA:73,0
DA:75,0
DA:77,0
DA:78,0
DA:80,0
DA:81,0
DA:83,0
DA:85,0
DA:86,0
DA:88,0
DA:89,0
DA:92,0
DA:93,0
DA:94,0
DA:96,0
DA:98,0
DA:99,0
DA:102,0
DA:107,1
DA:109,0
DA:110,0
DA:113,0
DA:114,0
DA:115,0
DA:116,0
DA:119,0
DA:120,0
DA:121,0
DA:122,0
DA:125,0
DA:126,0
DA:129,0
DA:130,0
DA:131,0
DA:134,0
DA:135,0
DA:136,0
DA:139,0
DA:142,0
DA:147,1
DA:149,0
DA:152,0
DA:154,0
DA:158,0
DA:162,0
DA:165,0
DA:170,1
DA:172,0
DA:173,0
DA:176,0
DA:178,0
DA:179,0
DA:180,0
DA:184,0
DA:185,0
DA:186,0
DA:188,0
DA:189,0
DA:190,0
DA:191,0
DA:192,0
DA:195,0
DA:198,0
DA:201,0
DA:205,1
DA:207,0
DA:209,0
DA:212,0
DA:213,0
DA:216,0
DA:219,0
DA:222,0
DA:226,1
LF:99
LH:23
BRDA:0,1,0,0
BRDA:0,1,1,0
BRDA:0,2,0,0
BRDA:0,2,1,0
BRDA:0,3,0,0
BRDA:0,3,1,0
BRDA:89,4,0,0
BRDA:89,4,1,0
BRDA:0,5,0,0
BRDA:0,5,1,0
BRDA:113,6,0,0
BRDA:113,6,1,0
BRDA:115,7,0,0
BRDA:115,7,1,0
BRDA:119,8,0,0
BRDA:119,8,1,0
BRDA:121,9,0,0
BRDA:121,9,1,0
BRDA:125,10,0,0
BRDA:125,10,1,0
BRDA:129,11,0,0
BRDA:129,11,1,0
BRDA:130,12,0,0
BRDA:130,12,1,0
BRDA:134,13,0,0
BRDA:134,13,1,0
BRDA:135,14,0,0
BRDA:135,14,1,0
BRDA:152,15,0,0
BRDA:152,15,1,0
BRDA:0,16,0,0
BRDA:0,16,1,0
BRDA:184,17,0,0
BRDA:184,17,1,0
BRDA:188,18,0,0
BRDA:188,18,1,0
BRDA:191,19,0,0
BRDA:191,19,1,0
BRDA:0,20,0,0
BRDA:0,20,1,0
BRDA:0,21,0,0
BRDA:0,21,1,0
BRF:42
BRH:0
end_of_record
